<?xml version="1.0" encoding="UTF-8"?>
<testsuite name="breakout.BallTest" tests="6" skipped="0" failures="0" errors="0" timestamp="2023-02-17T18:26:12" hostname="DESKTOP-9215P9M" time="1.428">
  <properties/>
  <testcase name="[1] 10" classname="breakout.BallTest" time="1.131"/>
  <testcase name="[2] 15" classname="breakout.BallTest" time="0.052"/>
  <testcase name="[3] 50" classname="breakout.BallTest" time="0.054"/>
  <testcase name="[4] 400" classname="breakout.BallTest" time="0.06"/>
  <testcase name="[5] 300" classname="breakout.BallTest" time="0.053"/>
  <testcase name="testBallMovement()" classname="breakout.BallTest" time="0.059"/>
  <system-out><![CDATA[]]></system-out>
  <system-err><![CDATA[]]></system-err>
</testsuite>
